2020-03-04 12:11:24.009  INFO 8944 --- [restartedMain] c.r.D.DemandPlanningServiceApplication   : Starting DemandPlanningServiceApplication on CORE30 with PID 8944 (started by makwameh in D:\webApplication\Commerical Projects\Self\DemandPlanningService)
2020-03-04 12:11:24.010  INFO 8944 --- [restartedMain] c.r.D.DemandPlanningServiceApplication   : No active profile set, falling back to default profiles: default
2020-03-04 12:11:24.270  INFO 8944 --- [restartedMain] trationDelegate$BeanPostProcessorChecker : Bean 'org.springframework.hateoas.config.HateoasConfiguration' of type [org.springframework.hateoas.config.HateoasConfiguration$$EnhancerBySpringCGLIB$$76a40c17] is not eligible for getting processed by all BeanPostProcessors (for example: not eligible for auto-proxying)
2020-03-04 12:11:24.360  INFO 8944 --- [restartedMain] o.s.b.w.embedded.tomcat.TomcatWebServer  : Tomcat initialized with port(s): 8080 (http)
2020-03-04 12:11:24.360  INFO 8944 --- [restartedMain] o.apache.catalina.core.StandardService   : Starting service [Tomcat]
2020-03-04 12:11:24.360  INFO 8944 --- [restartedMain] org.apache.catalina.core.StandardEngine  : Starting Servlet engine: [Apache Tomcat/9.0.31]
2020-03-04 12:11:24.378  INFO 8944 --- [restartedMain] o.a.c.c.C.[Tomcat].[localhost].[/]       : Initializing Spring embedded WebApplicationContext
2020-03-04 12:11:24.378  INFO 8944 --- [restartedMain] o.s.web.context.ContextLoader            : Root WebApplicationContext: initialization completed in 364 ms
2020-03-04 12:11:24.597  INFO 8944 --- [restartedMain] o.s.s.concurrent.ThreadPoolTaskExecutor  : Initializing ExecutorService 'applicationTaskExecutor'
2020-03-04 12:11:24.698  INFO 8944 --- [restartedMain] o.s.b.d.a.OptionalLiveReloadServer       : LiveReload server is running on port 35729
2020-03-04 12:11:24.702  INFO 8944 --- [restartedMain] o.s.b.a.e.web.EndpointLinksResolver      : Exposing 2 endpoint(s) beneath base path '/actuator'
2020-03-04 12:11:24.726  INFO 8944 --- [restartedMain] o.s.b.w.embedded.tomcat.TomcatWebServer  : Tomcat started on port(s): 8080 (http) with context path ''
2020-03-04 12:11:24.726  INFO 8944 --- [restartedMain] c.r.D.DemandPlanningServiceApplication   : Started DemandPlanningServiceApplication in 0.735 seconds (JVM running for 175.623)
2020-03-04 12:11:24.730  INFO 8944 --- [restartedMain] .ConditionEvaluationDeltaLoggingListener : Condition evaluation delta:


==========================
CONDITION EVALUATION DELTA
==========================


Positive matches:
-----------------

   LogFileWebEndpointAutoConfiguration#logFileWebEndpoint matched:
      - Log File found logging.file main.log (LogFileWebEndpointAutoConfiguration.LogFileCondition)
      - @ConditionalOnMissingBean (types: org.springframework.boot.actuate.logging.LogFileWebEndpoint; SearchStrategy: all) did not find any beans (OnBeanCondition)


Negative matches:
-----------------

    None


Exclusions:
-----------

    None


Unconditional classes:
----------------------

    None



2020-03-04 12:12:14.297  INFO 8944 --- [Thread-16] o.s.s.concurrent.ThreadPoolTaskExecutor  : Shutting down ExecutorService 'applicationTaskExecutor'
2020-03-04 12:12:14.507  INFO 8944 --- [restartedMain] c.r.D.DemandPlanningServiceApplication   : Heya executed
2020-03-04 12:12:14.871 DEBUG 8944 --- [restartedMain] o.s.web.context.ContextLoader            : Published root WebApplicationContext as ServletContext attribute with name [org.springframework.web.context.WebApplicationContext.ROOT]
2020-03-04 12:12:14.871  INFO 8944 --- [restartedMain] o.s.web.context.ContextLoader            : Root WebApplicationContext: initialization completed in 344 ms
2020-03-04 12:12:15.042 DEBUG 8944 --- [restartedMain] o.s.w.s.handler.SimpleUrlHandlerMapping  : Patterns [/**/favicon.ico] in 'faviconHandlerMapping'
2020-03-04 12:12:15.067 DEBUG 8944 --- [restartedMain] s.w.s.m.m.a.RequestMappingHandlerAdapter : ControllerAdvice beans: 0 @ModelAttribute, 0 @InitBinder, 1 RequestBodyAdvice, 1 ResponseBodyAdvice
2020-03-04 12:12:15.076 DEBUG 8944 --- [restartedMain] s.w.s.m.m.a.RequestMappingHandlerMapping : 3 mappings in 'requestMappingHandlerMapping'
2020-03-04 12:12:15.084 DEBUG 8944 --- [restartedMain] o.s.w.s.handler.SimpleUrlHandlerMapping  : Patterns [/webjars/**, /**, /swagger-ui.html] in 'resourceHandlerMapping'
2020-03-04 12:12:15.087 DEBUG 8944 --- [restartedMain] .m.m.a.ExceptionHandlerExceptionResolver : ControllerAdvice beans: 1 @ExceptionHandler, 1 ResponseBodyAdvice
2020-03-04 12:12:38.035 ERROR 8944 --- [restartedMain] o.s.b.c.l.LoggingApplicationListener     : Cannot set level '' for 'com.restService.DemandPlanningService.Controller'
